5_prime_UTR_variant 121 781
downstream_gene_variant 51 5737
frameshift_variant 0 9
inframe_deletion 0 2
intron_variant 330 160775
intron_variant,non_coding_transcript_variant 0 9138
missense_variant 427 427
missense_variant,splice_region_variant 11 11
non_coding_transcript_exon_variant 10 559
splice_acceptor_variant,non_coding_transcript_exon_variant 0 1
splice_donor_variant,coding_sequence_variant 0 7
splice_donor_variant,intron_variant,non_coding_transcript_variant 0 2
splice_donor_variant,non_coding_transcript_variant 0 8
splice_region_variant,5_prime_UTR_variant 16 21
splice_region_variant,intron_variant 0 36
splice_region_variant,intron_variant,non_coding_transcript_variant 0 24
splice_region_variant,non_coding_transcript_exon_variant 3 18
splice_region_variant,synonymous_variant 0 2
start_lost 14 14
stop_gained 8 8
synonymous_variant 0 307
upstream_gene_variant 13 16399
