
------------------------------------------------------------
Sender: LSF System <lsf@ebi5-199>
Subject: Job 2508243: <cadd_dbnsfp> in cluster <EBI> Exited

Job <cadd_dbnsfp> was submitted from host <ebi-cli-003> by user <anja> in cluster <EBI> at Mon Dec  3 12:32:59 2018
Job was executed on host(s) <ebi5-199>, in queue <production-rh7>, as user <anja> in cluster <EBI> at Mon Dec  3 12:33:00 2018
</homes/anja> was used as the home directory.
</homes/anja/bin/work/vep/dbNSFP> was used as the working directory.
Started at Mon Dec  3 12:33:00 2018
Terminated at Tue Dec  4 16:23:57 2018
Results reported at Tue Dec  4 16:23:57 2018

Your job looked like:

------------------------------------------------------------
# LSBATCH: User input
sh dbNSFP_cadd_grch37_95.sh
------------------------------------------------------------

TERM_OWNER: job killed by owner.
Exited with exit code 130.

Resource usage summary:

    CPU time :                                   100232.00 sec.
    Max Memory :                                 1925 MB
    Average Memory :                             1542.43 MB
    Total Requested Memory :                     5000.00 MB
    Delta Memory :                               3075.00 MB
    Max Swap :                                   2257 MB
    Max Processes :                              5
    Max Threads :                                6
    Run time :                                   100257 sec.
    Turnaround time :                            100258 sec.

The output (if any) is above this job summary.



PS:

Read file <cadd_dbnsfp.err> for stderr output of this job.

